#
# There is insufficient memory for the Java Runtime Environment to continue.
# Native memory allocation (malloc) failed to allocate 1027456 bytes. Error detail: Chunk::new
# Possible reasons:
#   The system is out of physical RAM or swap space
#   This process is running with CompressedOops enabled, and the Java Heap may be blocking the growth of the native heap
# Possible solutions:
#   Reduce memory load on the system
#   Increase physical memory or swap space
#   Check if swap backing store is full
#   Decrease Java heap size (-Xmx/-Xms)
#   Decrease number of Java threads
#   Decrease Java thread stack sizes (-Xss)
#   Set larger code cache with -XX:ReservedCodeCacheSize=
#   JVM is running with Zero Based Compressed Oops mode in which the Java heap is
#     placed in the first 32GB address space. The Java Heap base address is the
#     maximum limit for the native heap growth. Please use -XX:HeapBaseMinAddress
#     to set the Java Heap base and to place the Java Heap above 32GB virtual address.
# This output file may be truncated or incomplete.
#
#  Out of Memory Error (arena.cpp:168), pid=21400, tid=7308
#
# JRE version: OpenJDK Runtime Environment Temurin-21.0.6+7 (21.0.6+7) (build 21.0.6+7-LTS)
# Java VM: OpenJDK 64-Bit Server VM Temurin-21.0.6+7 (21.0.6+7-LTS, mixed mode, sharing, tiered, compressed oops, compressed class ptrs, g1 gc, windows-amd64)
# No core dump will be written. Minidumps are not enabled by default on client versions of Windows
#

---------------  S U M M A R Y ------------

Command Line: -Dfile.encoding=UTF-8 -Dstdout.encoding=UTF-8 -Dstderr.encoding=UTF-8 -XX:+ShowCodeDetailsInExceptionMessages testcases.login

Host: Intel(R) Core(TM) i7-8650U CPU @ 1.90GHz, 8 cores, 15G,  Windows 10 , 64 bit Build 19041 (10.0.19041.5794)
Time: Wed Jun 18 13:11:28 2025 India Standard Time elapsed time: 67.968351 seconds (0d 0h 1m 7s)

---------------  T H R E A D  ---------------

Current thread (0x00000247ff2e75c0):  JavaThread "C2 CompilerThread0" daemon [_thread_in_native, id=7308, stack(0x0000007d46000000,0x0000007d46100000) (1024K)]


Current CompileTask:
C2:67968 2240       4       java.lang.invoke.MethodType::methodType (69 bytes)

Stack: [0x0000007d46000000,0x0000007d46100000]
Native frames: (J=compiled Java code, j=interpreted, Vv=VM code, C=native code)
V  [jvm.dll+0x6cdee9]
V  [jvm.dll+0x8a83d1]
V  [jvm.dll+0x8aa8fe]
V  [jvm.dll+0x8aafe3]
V  [jvm.dll+0x27f706]
V  [jvm.dll+0xc500d]
V  [jvm.dll+0xc5543]
V  [jvm.dll+0x2f2acd]
V  [jvm.dll+0x5f6a2a]
V  [jvm.dll+0x250bb2]
V  [jvm.dll+0x249526]
V  [jvm.dll+0x246ec4]
V  [jvm.dll+0x1c75ee]
V  [jvm.dll+0x25685a]
V  [jvm.dll+0x254dfa]
V  [jvm.dll+0x3f0256]
V  [jvm.dll+0x851f8b]
V  [jvm.dll+0x6cc5ed]
C  [ucrtbase.dll+0x21bb2]
C  [KERNEL32.DLL+0x17374]
C  [ntdll.dll+0x4cc91]


---------------  P R O C E S S  ---------------

Threads class SMR info:
_java_thread_list=0x00000247d4be6530, length=30, elements={
0x00000247f19d9af0, 0x00000247ff2d06d0, 0x00000247ff2d1920, 0x00000247ff2d2400,
0x00000247ff2d5e70, 0x00000247ff2d68c0, 0x00000247ff2d7310, 0x00000247ff2e75c0,
0x00000247ff2ec470, 0x00000247ff4234d0, 0x00000247ff4277a0, 0x00000247ff6fe0e0,
0x00000247ffad78c0, 0x00000247ffb12840, 0x00000247ffb13ec0, 0x00000247ffcbf8b0,
0x00000247ffb1f490, 0x00000247ffb26a00, 0x00000247ffb5e150, 0x00000247ffb66db0,
0x00000247ffb67ad0, 0x00000247ffb64ce0, 0x00000247ffb67440, 0x00000247ffb65370,
0x00000247ffb66720, 0x00000247ffb68160, 0x00000247ffb65a00, 0x00000247ffb66090,
0x00000247fff0a530, 0x00000247d583cc90
}

Java Threads: ( => current thread )
  0x00000247f19d9af0 JavaThread "main"                              [_thread_in_native, id=13224, stack(0x0000007d45200000,0x0000007d45300000) (1024K)]
  0x00000247ff2d06d0 JavaThread "Reference Handler"          daemon [_thread_blocked, id=21596, stack(0x0000007d45a00000,0x0000007d45b00000) (1024K)]
  0x00000247ff2d1920 JavaThread "Finalizer"                  daemon [_thread_blocked, id=23256, stack(0x0000007d45b00000,0x0000007d45c00000) (1024K)]
  0x00000247ff2d2400 JavaThread "Signal Dispatcher"          daemon [_thread_blocked, id=5080, stack(0x0000007d45c00000,0x0000007d45d00000) (1024K)]
  0x00000247ff2d5e70 JavaThread "Attach Listener"            daemon [_thread_blocked, id=21816, stack(0x0000007d45d00000,0x0000007d45e00000) (1024K)]
  0x00000247ff2d68c0 JavaThread "Service Thread"             daemon [_thread_blocked, id=19976, stack(0x0000007d45e00000,0x0000007d45f00000) (1024K)]
  0x00000247ff2d7310 JavaThread "Monitor Deflation Thread"   daemon [_thread_blocked, id=12056, stack(0x0000007d45f00000,0x0000007d46000000) (1024K)]
=>0x00000247ff2e75c0 JavaThread "C2 CompilerThread0"         daemon [_thread_in_native, id=7308, stack(0x0000007d46000000,0x0000007d46100000) (1024K)]
  0x00000247ff2ec470 JavaThread "C1 CompilerThread0"         daemon [_thread_in_native, id=21756, stack(0x0000007d46100000,0x0000007d46200000) (1024K)]
  0x00000247ff4234d0 JavaThread "Notification Thread"        daemon [_thread_blocked, id=6064, stack(0x0000007d46200000,0x0000007d46300000) (1024K)]
  0x00000247ff4277a0 JavaThread "Common-Cleaner"             daemon [_thread_blocked, id=2616, stack(0x0000007d46300000,0x0000007d46400000) (1024K)]
  0x00000247ff6fe0e0 JavaThread "ForkJoinPool.commonPool-worker-1" daemon [_thread_blocked, id=20036, stack(0x0000007d44f00000,0x0000007d45000000) (1024K)]
  0x00000247ffad78c0 JavaThread "HttpClient-1-SelectorManager" daemon [_thread_in_native, id=8544, stack(0x0000007d46e00000,0x0000007d46f00000) (1024K)]
  0x00000247ffb12840 JavaThread "External Process Output Forwarder - C:\Users\admin\.cache\selenium\chromedriver\win64\137.0.7151.119\chromedriver.exe" daemon [_thread_in_native, id=21336, stack(0x0000007d46f00000,0x0000007d47000000) (1024K)]
  0x00000247ffb13ec0 JavaThread "Driver Service Executor"    daemon [_thread_blocked, id=21288, stack(0x0000007d47000000,0x0000007d47100000) (1024K)]
  0x00000247ffcbf8b0 JavaThread "Driver Service Executor"    daemon [_thread_in_native, id=16956, stack(0x0000007d47100000,0x0000007d47200000) (1024K)]
  0x00000247ffb1f490 JavaThread "UrlChecker-2"               daemon [_thread_blocked, id=18696, stack(0x0000007d46600000,0x0000007d46700000) (1024K)]
  0x00000247ffb26a00 JavaThread "Keep-Alive-Timer"           daemon [_thread_blocked, id=16696, stack(0x0000007d47300000,0x0000007d47400000) (1024K)]
  0x00000247ffb5e150 JavaThread "JdkHttpClient-0-0"          daemon [_thread_blocked, id=21844, stack(0x0000007d47400000,0x0000007d47500000) (1024K)]
  0x00000247ffb66db0 JavaThread "CompletableFutureDelayScheduler" daemon [_thread_blocked, id=9048, stack(0x0000007d47500000,0x0000007d47600000) (1024K)]
  0x00000247ffb67ad0 JavaThread "JdkHttpClient-0-1"          daemon [_thread_blocked, id=9832, stack(0x0000007d47600000,0x0000007d47700000) (1024K)]
  0x00000247ffb64ce0 JavaThread "JdkHttpClient-0-2"          daemon [_thread_blocked, id=17752, stack(0x0000007d47700000,0x0000007d47800000) (1024K)]
  0x00000247ffb67440 JavaThread "JdkHttpClient-0-3"          daemon [_thread_blocked, id=10596, stack(0x0000007d47800000,0x0000007d47900000) (1024K)]
  0x00000247ffb65370 JavaThread "HttpClient-2-SelectorManager" daemon [_thread_in_native, id=15820, stack(0x0000007d47900000,0x0000007d47a00000) (1024K)]
  0x00000247ffb66720 JavaThread "JdkHttpClient-1-0"          daemon [_thread_blocked, id=16372, stack(0x0000007d47a00000,0x0000007d47b00000) (1024K)]
  0x00000247ffb68160 JavaThread "JdkHttpClient-1-1"          daemon [_thread_blocked, id=4916, stack(0x0000007d47b00000,0x0000007d47c00000) (1024K)]
  0x00000247ffb65a00 JavaThread "JdkHttpClient-1-2"          daemon [_thread_blocked, id=13828, stack(0x0000007d47c00000,0x0000007d47d00000) (1024K)]
  0x00000247ffb66090 JavaThread "JdkHttpClient-1-3"          daemon [_thread_blocked, id=16896, stack(0x0000007d47d00000,0x0000007d47e00000) (1024K)]
  0x00000247fff0a530 JavaThread "C2 CompilerThread1"         daemon [_thread_in_native, id=8108, stack(0x0000007d47e00000,0x0000007d47f00000) (1024K)]
  0x00000247d583cc90 JavaThread "C2 CompilerThread2"         daemon [_thread_in_native, id=8596, stack(0x0000007d47f00000,0x0000007d48000000) (1024K)]
Total: 30

Other Threads:
  0x00000247ff2b3500 VMThread "VM Thread"                           [id=23080, stack(0x0000007d45900000,0x0000007d45a00000) (1024K)]
  0x00000247ff2a1020 WatcherThread "VM Periodic Task Thread"        [id=15572, stack(0x0000007d45800000,0x0000007d45900000) (1024K)]
  0x00000247f3ca1670 WorkerThread "GC Thread#0"                     [id=20140, stack(0x0000007d45300000,0x0000007d45400000) (1024K)]
  0x00000247ffd60730 WorkerThread "GC Thread#1"                     [id=4508, stack(0x0000007d46700000,0x0000007d46800000) (1024K)]
  0x00000247ffa20320 WorkerThread "GC Thread#2"                     [id=13176, stack(0x0000007d46800000,0x0000007d46900000) (1024K)]
  0x00000247ffa206c0 WorkerThread "GC Thread#3"                     [id=19028, stack(0x0000007d46900000,0x0000007d46a00000) (1024K)]
  0x00000247ffa4b870 WorkerThread "GC Thread#4"                     [id=21108, stack(0x0000007d46a00000,0x0000007d46b00000) (1024K)]
  0x00000247ffa4bc10 WorkerThread "GC Thread#5"                     [id=10296, stack(0x0000007d46b00000,0x0000007d46c00000) (1024K)]
  0x00000247ffa02590 WorkerThread "GC Thread#6"                     [id=1812, stack(0x0000007d46c00000,0x0000007d46d00000) (1024K)]
  0x00000247ffa03150 WorkerThread "GC Thread#7"                     [id=12860, stack(0x0000007d46d00000,0x0000007d46e00000) (1024K)]
  0x00000247f3cb39c0 ConcurrentGCThread "G1 Main Marker"            [id=14428, stack(0x0000007d45400000,0x0000007d45500000) (1024K)]
  0x00000247f3cb44c0 WorkerThread "G1 Conc#0"                       [id=22152, stack(0x0000007d45500000,0x0000007d45600000) (1024K)]
  0x00000247f3cfe950 ConcurrentGCThread "G1 Refine#0"               [id=4208, stack(0x0000007d45600000,0x0000007d45700000) (1024K)]
  0x00000247ff160ac0 ConcurrentGCThread "G1 Service"                [id=21024, stack(0x0000007d45700000,0x0000007d45800000) (1024K)]
Total: 14

Threads with active compile tasks:
C2 CompilerThread0  68008 2240       4       java.lang.invoke.MethodType::methodType (69 bytes)
C1 CompilerThread0  68008 2317       3       java.util.regex.Pattern::escape (1310 bytes)
C2 CompilerThread1  68008 2198       4       java.lang.invoke.MethodType::makeImpl (109 bytes)
C2 CompilerThread2  68008 2287       4       sun.util.locale.BaseLocale::getInstance (150 bytes)
Total: 4

VM state: not at safepoint (normal execution)

VM Mutex/Monitor currently owned by a thread: None

Heap address: 0x0000000701e00000, size: 4066 MB, Compressed Oops mode: Zero based, Oop shift amount: 3

CDS archive(s) mapped at: [0x000002478f000000-0x000002478fc80000-0x000002478fc80000), size 13107200, SharedBaseAddress: 0x000002478f000000, ArchiveRelocationMode: 1.
Compressed class space mapped at: 0x0000024790000000-0x00000247d0000000, reserved size: 1073741824
Narrow klass base: 0x000002478f000000, Narrow klass shift: 0, Narrow klass range: 0x100000000

GC Precious Log:
 CardTable entry size: 512
 Card Set container configuration: InlinePtr #cards 4 size 8 Array Of Cards #cards 16 size 48 Howl #buckets 8 coarsen threshold 3686 Howl Bitmap #cards 512 size 80 coarsen threshold 460 Card regions per heap region 1 cards per card region 4096
 CPUs: 8 total, 8 available
 Memory: 16259M
 Large Page Support: Disabled
 NUMA Support: Disabled
 Compressed Oops: Enabled (Zero based)
 Heap Region Size: 2M
 Heap Min Capacity: 8M
 Heap Initial Capacity: 256M
 Heap Max Capacity: 4066M
 Pre-touch: Disabled
 Parallel Workers: 8
 Concurrent Workers: 2
 Concurrent Refinement Workers: 8
 Periodic GC: Disabled

Heap:
 garbage-first heap   total 262144K, used 34544K [0x0000000701e00000, 0x0000000800000000)
  region size 2048K, 14 young (28672K), 2 survivors (4096K)
 Metaspace       used 19354K, committed 19776K, reserved 1114112K
  class space    used 2306K, committed 2496K, reserved 1048576K

Heap Regions: E=young(eden), S=young(survivor), O=old, HS=humongous(starts), HC=humongous(continues), CS=collection set, F=free, TAMS=top-at-mark-start, PB=parsable bottom
|   0|0x0000000701e00000, 0x0000000702000000, 0x0000000702000000|100%| O|  |TAMS 0x0000000701e00000| PB 0x0000000701e00000| Untracked 
|   1|0x0000000702000000, 0x0000000702200000, 0x0000000702200000|100%| O|  |TAMS 0x0000000702000000| PB 0x0000000702000000| Untracked 
|   2|0x0000000702200000, 0x0000000702400000, 0x0000000702400000|100%| O|  |TAMS 0x0000000702200000| PB 0x0000000702200000| Untracked 
|   3|0x0000000702400000, 0x0000000702600000, 0x0000000702600000|100%| O|  |TAMS 0x0000000702400000| PB 0x0000000702400000| Untracked 
|   4|0x0000000702600000, 0x000000070273a5f0, 0x0000000702800000| 61%| O|  |TAMS 0x0000000702600000| PB 0x0000000702600000| Untracked 
|   5|0x0000000702800000, 0x0000000702800000, 0x0000000702a00000|  0%| F|  |TAMS 0x0000000702800000| PB 0x0000000702800000| Untracked 
|   6|0x0000000702a00000, 0x0000000702a00000, 0x0000000702c00000|  0%| F|  |TAMS 0x0000000702a00000| PB 0x0000000702a00000| Untracked 
|   7|0x0000000702c00000, 0x0000000702c00000, 0x0000000702e00000|  0%| F|  |TAMS 0x0000000702c00000| PB 0x0000000702c00000| Untracked 
|   8|0x0000000702e00000, 0x0000000702e00000, 0x0000000703000000|  0%| F|  |TAMS 0x0000000702e00000| PB 0x0000000702e00000| Untracked 
|   9|0x0000000703000000, 0x0000000703000000, 0x0000000703200000|  0%| F|  |TAMS 0x0000000703000000| PB 0x0000000703000000| Untracked 
|  10|0x0000000703200000, 0x0000000703200000, 0x0000000703400000|  0%| F|  |TAMS 0x0000000703200000| PB 0x0000000703200000| Untracked 
|  11|0x0000000703400000, 0x0000000703400000, 0x0000000703600000|  0%| F|  |TAMS 0x0000000703400000| PB 0x0000000703400000| Untracked 
|  12|0x0000000703600000, 0x0000000703600000, 0x0000000703800000|  0%| F|  |TAMS 0x0000000703600000| PB 0x0000000703600000| Untracked 
|  13|0x0000000703800000, 0x0000000703800000, 0x0000000703a00000|  0%| F|  |TAMS 0x0000000703800000| PB 0x0000000703800000| Untracked 
|  14|0x0000000703a00000, 0x0000000703a00000, 0x0000000703c00000|  0%| F|  |TAMS 0x0000000703a00000| PB 0x0000000703a00000| Untracked 
|  15|0x0000000703c00000, 0x0000000703c00000, 0x0000000703e00000|  0%| F|  |TAMS 0x0000000703c00000| PB 0x0000000703c00000| Untracked 
|  16|0x0000000703e00000, 0x0000000703e00000, 0x0000000704000000|  0%| F|  |TAMS 0x0000000703e00000| PB 0x0000000703e00000| Untracked 
|  17|0x0000000704000000, 0x0000000704000000, 0x0000000704200000|  0%| F|  |TAMS 0x0000000704000000| PB 0x0000000704000000| Untracked 
|  18|0x0000000704200000, 0x0000000704200000, 0x0000000704400000|  0%| F|  |TAMS 0x0000000704200000| PB 0x0000000704200000| Untracked 
|  19|0x0000000704400000, 0x0000000704400000, 0x0000000704600000|  0%| F|  |TAMS 0x0000000704400000| PB 0x0000000704400000| Untracked 
|  20|0x0000000704600000, 0x0000000704600000, 0x0000000704800000|  0%| F|  |TAMS 0x0000000704600000| PB 0x0000000704600000| Untracked 
|  21|0x0000000704800000, 0x0000000704800000, 0x0000000704a00000|  0%| F|  |TAMS 0x0000000704800000| PB 0x0000000704800000| Untracked 
|  22|0x0000000704a00000, 0x0000000704a00000, 0x0000000704c00000|  0%| F|  |TAMS 0x0000000704a00000| PB 0x0000000704a00000| Untracked 
|  23|0x0000000704c00000, 0x0000000704c00000, 0x0000000704e00000|  0%| F|  |TAMS 0x0000000704c00000| PB 0x0000000704c00000| Untracked 
|  24|0x0000000704e00000, 0x0000000704e00000, 0x0000000705000000|  0%| F|  |TAMS 0x0000000704e00000| PB 0x0000000704e00000| Untracked 
|  25|0x0000000705000000, 0x0000000705000000, 0x0000000705200000|  0%| F|  |TAMS 0x0000000705000000| PB 0x0000000705000000| Untracked 
|  26|0x0000000705200000, 0x0000000705200000, 0x0000000705400000|  0%| F|  |TAMS 0x0000000705200000| PB 0x0000000705200000| Untracked 
|  27|0x0000000705400000, 0x0000000705400000, 0x0000000705600000|  0%| F|  |TAMS 0x0000000705400000| PB 0x0000000705400000| Untracked 
|  28|0x0000000705600000, 0x0000000705600000, 0x0000000705800000|  0%| F|  |TAMS 0x0000000705600000| PB 0x0000000705600000| Untracked 
|  29|0x0000000705800000, 0x0000000705800000, 0x0000000705a00000|  0%| F|  |TAMS 0x0000000705800000| PB 0x0000000705800000| Untracked 
|  30|0x0000000705a00000, 0x0000000705a00000, 0x0000000705c00000|  0%| F|  |TAMS 0x0000000705a00000| PB 0x0000000705a00000| Untracked 
|  31|0x0000000705c00000, 0x0000000705c00000, 0x0000000705e00000|  0%| F|  |TAMS 0x0000000705c00000| PB 0x0000000705c00000| Untracked 
|  32|0x0000000705e00000, 0x0000000705e00000, 0x0000000706000000|  0%| F|  |TAMS 0x0000000705e00000| PB 0x0000000705e00000| Untracked 
|  33|0x0000000706000000, 0x0000000706000000, 0x0000000706200000|  0%| F|  |TAMS 0x0000000706000000| PB 0x0000000706000000| Untracked 
|  34|0x0000000706200000, 0x0000000706200000, 0x0000000706400000|  0%| F|  |TAMS 0x0000000706200000| PB 0x0000000706200000| Untracked 
|  35|0x0000000706400000, 0x0000000706400000, 0x0000000706600000|  0%| F|  |TAMS 0x0000000706400000| PB 0x0000000706400000| Untracked 
|  36|0x0000000706600000, 0x0000000706600000, 0x0000000706800000|  0%| F|  |TAMS 0x0000000706600000| PB 0x0000000706600000| Untracked 
|  37|0x0000000706800000, 0x0000000706800000, 0x0000000706a00000|  0%| F|  |TAMS 0x0000000706800000| PB 0x0000000706800000| Untracked 
|  38|0x0000000706a00000, 0x0000000706a00000, 0x0000000706c00000|  0%| F|  |TAMS 0x0000000706a00000| PB 0x0000000706a00000| Untracked 
|  39|0x0000000706c00000, 0x0000000706c00000, 0x0000000706e00000|  0%| F|  |TAMS 0x0000000706c00000| PB 0x0000000706c00000| Untracked 
|  40|0x0000000706e00000, 0x0000000706e00000, 0x0000000707000000|  0%| F|  |TAMS 0x0000000706e00000| PB 0x0000000706e00000| Untracked 
|  41|0x0000000707000000, 0x0000000707000000, 0x0000000707200000|  0%| F|  |TAMS 0x0000000707000000| PB 0x0000000707000000| Untracked 
|  42|0x0000000707200000, 0x0000000707200000, 0x0000000707400000|  0%| F|  |TAMS 0x0000000707200000| PB 0x0000000707200000| Untracked 
|  43|0x0000000707400000, 0x0000000707400000, 0x0000000707600000|  0%| F|  |TAMS 0x0000000707400000| PB 0x0000000707400000| Untracked 
|  44|0x0000000707600000, 0x0000000707600000, 0x0000000707800000|  0%| F|  |TAMS 0x0000000707600000| PB 0x0000000707600000| Untracked 
|  45|0x0000000707800000, 0x0000000707800000, 0x0000000707a00000|  0%| F|  |TAMS 0x0000000707800000| PB 0x0000000707800000| Untracked 
|  46|0x0000000707a00000, 0x0000000707a00000, 0x0000000707c00000|  0%| F|  |TAMS 0x0000000707a00000| PB 0x0000000707a00000| Untracked 
|  47|0x0000000707c00000, 0x0000000707c00000, 0x0000000707e00000|  0%| F|  |TAMS 0x0000000707c00000| PB 0x0000000707c00000| Untracked 
|  48|0x0000000707e00000, 0x0000000707e00000, 0x0000000708000000|  0%| F|  |TAMS 0x0000000707e00000| PB 0x0000000707e00000| Untracked 
|  49|0x0000000708000000, 0x0000000708000000, 0x0000000708200000|  0%| F|  |TAMS 0x0000000708000000| PB 0x0000000708000000| Untracked 
|  50|0x0000000708200000, 0x0000000708200000, 0x0000000708400000|  0%| F|  |TAMS 0x0000000708200000| PB 0x0000000708200000| Untracked 
|  51|0x0000000708400000, 0x0000000708400000, 0x0000000708600000|  0%| F|  |TAMS 0x0000000708400000| PB 0x0000000708400000| Untracked 
|  52|0x0000000708600000, 0x0000000708600000, 0x0000000708800000|  0%| F|  |TAMS 0x0000000708600000| PB 0x0000000708600000| Untracked 
|  53|0x0000000708800000, 0x0000000708800000, 0x0000000708a00000|  0%| F|  |TAMS 0x0000000708800000| PB 0x0000000708800000| Untracked 
|  54|0x0000000708a00000, 0x0000000708a00000, 0x0000000708c00000|  0%| F|  |TAMS 0x0000000708a00000| PB 0x0000000708a00000| Untracked 
|  55|0x0000000708c00000, 0x0000000708c00000, 0x0000000708e00000|  0%| F|  |TAMS 0x0000000708c00000| PB 0x0000000708c00000| Untracked 
|  56|0x0000000708e00000, 0x0000000708e00000, 0x0000000709000000|  0%| F|  |TAMS 0x0000000708e00000| PB 0x0000000708e00000| Untracked 
|  57|0x0000000709000000, 0x0000000709000000, 0x0000000709200000|  0%| F|  |TAMS 0x0000000709000000| PB 0x0000000709000000| Untracked 
|  58|0x0000000709200000, 0x0000000709200000, 0x0000000709400000|  0%| F|  |TAMS 0x0000000709200000| PB 0x0000000709200000| Untracked 
|  59|0x0000000709400000, 0x0000000709400000, 0x0000000709600000|  0%| F|  |TAMS 0x0000000709400000| PB 0x0000000709400000| Untracked 
|  60|0x0000000709600000, 0x0000000709600000, 0x0000000709800000|  0%| F|  |TAMS 0x0000000709600000| PB 0x0000000709600000| Untracked 
|  61|0x0000000709800000, 0x0000000709800000, 0x0000000709a00000|  0%| F|  |TAMS 0x0000000709800000| PB 0x0000000709800000| Untracked 
|  62|0x0000000709a00000, 0x0000000709a00000, 0x0000000709c00000|  0%| F|  |TAMS 0x0000000709a00000| PB 0x0000000709a00000| Untracked 
|  63|0x0000000709c00000, 0x0000000709c00000, 0x0000000709e00000|  0%| F|  |TAMS 0x0000000709c00000| PB 0x0000000709c00000| Untracked 
|  64|0x0000000709e00000, 0x0000000709e00000, 0x000000070a000000|  0%| F|  |TAMS 0x0000000709e00000| PB 0x0000000709e00000| Untracked 
|  65|0x000000070a000000, 0x000000070a000000, 0x000000070a200000|  0%| F|  |TAMS 0x000000070a000000| PB 0x000000070a000000| Untracked 
|  66|0x000000070a200000, 0x000000070a200000, 0x000000070a400000|  0%| F|  |TAMS 0x000000070a200000| PB 0x000000070a200000| Untracked 
|  67|0x000000070a400000, 0x000000070a400000, 0x000000070a600000|  0%| F|  |TAMS 0x000000070a400000| PB 0x000000070a400000| Untracked 
|  68|0x000000070a600000, 0x000000070a600000, 0x000000070a800000|  0%| F|  |TAMS 0x000000070a600000| PB 0x000000070a600000| Untracked 
|  69|0x000000070a800000, 0x000000070a800000, 0x000000070aa00000|  0%| F|  |TAMS 0x000000070a800000| PB 0x000000070a800000| Untracked 
|  70|0x000000070aa00000, 0x000000070aa00000, 0x000000070ac00000|  0%| F|  |TAMS 0x000000070aa00000| PB 0x000000070aa00000| Untracked 
|  71|0x000000070ac00000, 0x000000070ac00000, 0x000000070ae00000|  0%| F|  |TAMS 0x000000070ac00000| PB 0x000000070ac00000| Untracked 
|  72|0x000000070ae00000, 0x000000070ae00000, 0x000000070b000000|  0%| F|  |TAMS 0x000000070ae00000| PB 0x000000070ae00000| Untracked 
|  73|0x000000070b000000, 0x000000070b000000, 0x000000070b200000|  0%| F|  |TAMS 0x000000070b000000| PB 0x000000070b000000| Untracked 
|  74|0x000000070b200000, 0x000000070b200000, 0x000000070b400000|  0%| F|  |TAMS 0x000000070b200000| PB 0x000000070b200000| Untracked 
|  75|0x000000070b400000, 0x000000070b400000, 0x000000070b600000|  0%| F|  |TAMS 0x000000070b400000| PB 0x000000070b400000| Untracked 
|  76|0x000000070b600000, 0x000000070b600000, 0x000000070b800000|  0%| F|  |TAMS 0x000000070b600000| PB 0x000000070b600000| Untracked 
|  77|0x000000070b800000, 0x000000070b800000, 0x000000070ba00000|  0%| F|  |TAMS 0x000000070b800000| PB 0x000000070b800000| Untracked 
|  78|0x000000070ba00000, 0x000000070ba00000, 0x000000070bc00000|  0%| F|  |TAMS 0x000000070ba00000| PB 0x000000070ba00000| Untracked 
|  79|0x000000070bc00000, 0x000000070bc00000, 0x000000070be00000|  0%| F|  |TAMS 0x000000070bc00000| PB 0x000000070bc00000| Untracked 
|  80|0x000000070be00000, 0x000000070be00000, 0x000000070c000000|  0%| F|  |TAMS 0x000000070be00000| PB 0x000000070be00000| Untracked 
|  81|0x000000070c000000, 0x000000070c000000, 0x000000070c200000|  0%| F|  |TAMS 0x000000070c000000| PB 0x000000070c000000| Untracked 
|  82|0x000000070c200000, 0x000000070c200000, 0x000000070c400000|  0%| F|  |TAMS 0x000000070c200000| PB 0x000000070c200000| Untracked 
|  83|0x000000070c400000, 0x000000070c400000, 0x000000070c600000|  0%| F|  |TAMS 0x000000070c400000| PB 0x000000070c400000| Untracked 
|  84|0x000000070c600000, 0x000000070c600000, 0x000000070c800000|  0%| F|  |TAMS 0x000000070c600000| PB 0x000000070c600000| Untracked 
|  85|0x000000070c800000, 0x000000070c800000, 0x000000070ca00000|  0%| F|  |TAMS 0x000000070c800000| PB 0x000000070c800000| Untracked 
|  86|0x000000070ca00000, 0x000000070ca00000, 0x000000070cc00000|  0%| F|  |TAMS 0x000000070ca00000| PB 0x000000070ca00000| Untracked 
|  87|0x000000070cc00000, 0x000000070cc00000, 0x000000070ce00000|  0%| F|  |TAMS 0x000000070cc00000| PB 0x000000070cc00000| Untracked 
|  88|0x000000070ce00000, 0x000000070ce00000, 0x000000070d000000|  0%| F|  |TAMS 0x000000070ce00000| PB 0x000000070ce00000| Untracked 
|  89|0x000000070d000000, 0x000000070d000000, 0x000000070d200000|  0%| F|  |TAMS 0x000000070d000000| PB 0x000000070d000000| Untracked 
|  90|0x000000070d200000, 0x000000070d200000, 0x000000070d400000|  0%| F|  |TAMS 0x000000070d200000| PB 0x000000070d200000| Untracked 
|  91|0x000000070d400000, 0x000000070d400000, 0x000000070d600000|  0%| F|  |TAMS 0x000000070d400000| PB 0x000000070d400000| Untracked 
|  92|0x000000070d600000, 0x000000070d600000, 0x000000070d800000|  0%| F|  |TAMS 0x000000070d600000| PB 0x000000070d600000| Untracked 
|  93|0x000000070d800000, 0x000000070d800000, 0x000000070da00000|  0%| F|  |TAMS 0x000000070d800000| PB 0x000000070d800000| Untracked 
|  94|0x000000070da00000, 0x000000070da00000, 0x000000070dc00000|  0%| F|  |TAMS 0x000000070da00000| PB 0x000000070da00000| Untracked 
|  95|0x000000070dc00000, 0x000000070dc00000, 0x000000070de00000|  0%| F|  |TAMS 0x000000070dc00000| PB 0x000000070dc00000| Untracked 
|  96|0x000000070de00000, 0x000000070de00000, 0x000000070e000000|  0%| F|  |TAMS 0x000000070de00000| PB 0x000000070de00000| Untracked 
|  97|0x000000070e000000, 0x000000070e000000, 0x000000070e200000|  0%| F|  |TAMS 0x000000070e000000| PB 0x000000070e000000| Untracked 
|  98|0x000000070e200000, 0x000000070e200000, 0x000000070e400000|  0%| F|  |TAMS 0x000000070e200000| PB 0x000000070e200000| Untracked 
|  99|0x000000070e400000, 0x000000070e400000, 0x000000070e600000|  0%| F|  |TAMS 0x000000070e400000| PB 0x000000070e400000| Untracked 
| 100|0x000000070e600000, 0x000000070e600000, 0x000000070e800000|  0%| F|  |TAMS 0x000000070e600000| PB 0x000000070e600000| Untracked 
| 101|0x000000070e800000, 0x000000070e800000, 0x000000070ea00000|  0%| F|  |TAMS 0x000000070e800000| PB 0x000000070e800000| Untracked 
| 102|0x000000070ea00000, 0x000000070ea00000, 0x000000070ec00000|  0%| F|  |TAMS 0x000000070ea00000| PB 0x000000070ea00000| Untracked 
| 103|0x000000070ec00000, 0x000000070ec00000, 0x000000070ee00000|  0%| F|  |TAMS 0x000000070ec00000| PB 0x000000070ec00000| Untracked 
| 104|0x000000070ee00000, 0x000000070ee00000, 0x000000070f000000|  0%| F|  |TAMS 0x000000070ee00000| PB 0x000000070ee00000| Untracked 
| 105|0x000000070f000000, 0x000000070f000000, 0x000000070f200000|  0%| F|  |TAMS 0x000000070f000000| PB 0x000000070f000000| Untracked 
| 106|0x000000070f200000, 0x000000070f200000, 0x000000070f400000|  0%| F|  |TAMS 0x000000070f200000| PB 0x000000070f200000| Untracked 
| 107|0x000000070f400000, 0x000000070f400000, 0x000000070f600000|  0%| F|  |TAMS 0x000000070f400000| PB 0x000000070f400000| Untracked 
| 108|0x000000070f600000, 0x000000070f600000, 0x000000070f800000|  0%| F|  |TAMS 0x000000070f600000| PB 0x000000070f600000| Untracked 
| 109|0x000000070f800000, 0x000000070f800000, 0x000000070fa00000|  0%| F|  |TAMS 0x000000070f800000| PB 0x000000070f800000| Untracked 
| 110|0x000000070fa00000, 0x000000070fa00000, 0x000000070fc00000|  0%| F|  |TAMS 0x000000070fa00000| PB 0x000000070fa00000| Untracked 
| 111|0x000000070fc00000, 0x000000070fc00000, 0x000000070fe00000|  0%| F|  |TAMS 0x000000070fc00000| PB 0x000000070fc00000| Untracked 
| 112|0x000000070fe00000, 0x000000070fe00000, 0x0000000710000000|  0%| F|  |TAMS 0x000000070fe00000| PB 0x000000070fe00000| Untracked 
| 113|0x0000000710000000, 0x0000000710000000, 0x0000000710200000|  0%| F|  |TAMS 0x0000000710000000| PB 0x0000000710000000| Untracked 
| 114|0x0000000710200000, 0x0000000710281be8, 0x0000000710400000| 25%| S|CS|TAMS 0x0000000710200000| PB 0x0000000710200000| Complete 
| 115|0x0000000710400000, 0x00000007104fe748, 0x0000000710600000| 49%| E|  |TAMS 0x0000000710400000| PB 0x0000000710400000| Complete 
| 116|0x0000000710600000, 0x0000000710800000, 0x0000000710800000|100%| E|CS|TAMS 0x0000000710600000| PB 0x0000000710600000| Complete 
| 117|0x0000000710800000, 0x0000000710a00000, 0x0000000710a00000|100%| S|CS|TAMS 0x0000000710800000| PB 0x0000000710800000| Complete 
| 118|0x0000000710a00000, 0x0000000710c00000, 0x0000000710c00000|100%| E|CS|TAMS 0x0000000710a00000| PB 0x0000000710a00000| Complete 
| 119|0x0000000710c00000, 0x0000000710e00000, 0x0000000710e00000|100%| E|CS|TAMS 0x0000000710c00000| PB 0x0000000710c00000| Complete 
| 120|0x0000000710e00000, 0x0000000711000000, 0x0000000711000000|100%| E|CS|TAMS 0x0000000710e00000| PB 0x0000000710e00000| Complete 
| 121|0x0000000711000000, 0x0000000711200000, 0x0000000711200000|100%| E|CS|TAMS 0x0000000711000000| PB 0x0000000711000000| Complete 
| 122|0x0000000711200000, 0x0000000711400000, 0x0000000711400000|100%| E|CS|TAMS 0x0000000711200000| PB 0x0000000711200000| Complete 
| 123|0x0000000711400000, 0x0000000711600000, 0x0000000711600000|100%| E|CS|TAMS 0x0000000711400000| PB 0x0000000711400000| Complete 
| 124|0x0000000711600000, 0x0000000711800000, 0x0000000711800000|100%| E|CS|TAMS 0x0000000711600000| PB 0x0000000711600000| Complete 
| 125|0x0000000711800000, 0x0000000711a00000, 0x0000000711a00000|100%| E|CS|TAMS 0x0000000711800000| PB 0x0000000711800000| Complete 
| 126|0x0000000711a00000, 0x0000000711c00000, 0x0000000711c00000|100%| E|CS|TAMS 0x0000000711a00000| PB 0x0000000711a00000| Complete 
| 127|0x0000000711c00000, 0x0000000711e00000, 0x0000000711e00000|100%| E|CS|TAMS 0x0000000711c00000| PB 0x0000000711c00000| Complete 

Card table byte_map: [0x00000247f8100000,0x00000247f8900000] _byte_map_base: 0x00000247f48f1000

Marking Bits: (CMBitMap*) 0x00000247f3ca2980
 Bits: [0x00000247f8900000, 0x00000247fc888000)

Polling page: 0x00000247f3400000

Metaspace:

Usage:
  Non-class:     16.68 MB used.
      Class:      2.26 MB used.
       Both:     18.94 MB used.

Virtual space:
  Non-class space:       64.00 MB reserved,      16.88 MB ( 26%) committed,  1 nodes.
      Class space:        1.00 GB reserved,       2.44 MB ( <1%) committed,  1 nodes.
             Both:        1.06 GB reserved,      19.31 MB (  2%) committed. 

Chunk freelists:
   Non-Class:  14.64 MB
       Class:  13.48 MB
        Both:  28.12 MB

MaxMetaspaceSize: unlimited
CompressedClassSpaceSize: 1.00 GB
Initial GC threshold: 21.00 MB
Current GC threshold: 21.00 MB
CDS: on
 - commit_granule_bytes: 65536.
 - commit_granule_words: 8192.
 - virtual_space_node_default_size: 8388608.
 - enlarge_chunks_in_place: 1.
 - use_allocation_guard: 0.


Internal statistics:

num_allocs_failed_limit: 0.
num_arena_births: 394.
num_arena_deaths: 0.
num_vsnodes_births: 2.
num_vsnodes_deaths: 0.
num_space_committed: 309.
num_space_uncommitted: 0.
num_chunks_returned_to_freelist: 0.
num_chunks_taken_from_freelist: 900.
num_chunk_merges: 0.
num_chunk_splits: 556.
num_chunks_enlarged: 363.
num_inconsistent_stats: 0.

CodeHeap 'non-profiled nmethods': size=120000Kb used=868Kb max_used=868Kb free=119131Kb
 bounds [0x0000024787ad0000, 0x0000024787d40000, 0x000002478f000000]
CodeHeap 'profiled nmethods': size=120000Kb used=4341Kb max_used=4341Kb free=115658Kb
 bounds [0x0000024780000000, 0x0000024780440000, 0x0000024787530000]
CodeHeap 'non-nmethods': size=5760Kb used=1513Kb max_used=1534Kb free=4246Kb
 bounds [0x0000024787530000, 0x00000247877a0000, 0x0000024787ad0000]
 total_blobs=2891 nmethods=2309 adapters=486
 compilation: enabled
              stopped_count=0, restarted_count=0
 full_count=0

Compilation events (20 events):
Event: 67.949 Thread 0x00000247ff2ec470 2309       3       com.sun.org.apache.xerces.internal.xni.XMLString::<init> (5 bytes)
Event: 67.949 Thread 0x00000247ff2ec470 nmethod 2309 0x000002478043a010 code [0x000002478043a1c0, 0x000002478043a328]
Event: 67.949 Thread 0x00000247ff2ec470 2306       3       jdk.xml.internal.SecuritySupport::lambda$getSystemProperty$0 (5 bytes)
Event: 67.949 Thread 0x00000247ff2ec470 nmethod 2306 0x000002478043a410 code [0x000002478043a5e0, 0x000002478043a938]
Event: 67.949 Thread 0x00000247ff2ec470 2310       1       com.sun.org.apache.xerces.internal.util.XMLAttributesImpl::getLength (5 bytes)
Event: 67.949 Thread 0x00000247ff2ec470 nmethod 2310 0x0000024787ba8190 code [0x0000024787ba8320, 0x0000024787ba83e8]
Event: 67.949 Thread 0x00000247ff2ec470 2311       1       com.sun.org.apache.xerces.internal.impl.XMLDocumentFragmentScannerImpl::setScannerState (6 bytes)
Event: 67.949 Thread 0x00000247ff2ec470 nmethod 2311 0x0000024787ba8490 code [0x0000024787ba8620, 0x0000024787ba86e8]
Event: 67.949 Thread 0x00000247ff2ec470 2312       1       com.sun.org.apache.xerces.internal.dom.DocumentImpl::setMutationEvents (6 bytes)
Event: 67.949 Thread 0x00000247ff2ec470 nmethod 2312 0x0000024787ba8790 code [0x0000024787ba8920, 0x0000024787ba89f0]
Event: 67.949 Thread 0x00000247ff2ec470 2304       3       java.util.ArrayList$SubList::<init> (35 bytes)
Event: 67.950 Thread 0x00000247ff2ec470 nmethod 2304 0x000002478043aa90 code [0x000002478043ac40, 0x000002478043af18]
Event: 67.950 Thread 0x00000247ff2ec470 2313       3       com.sun.org.apache.xerces.internal.dom.DeferredDocumentImpl::setChunkIndex (67 bytes)
Event: 67.950 Thread 0x00000247ff2ec470 nmethod 2313 0x000002478043b090 code [0x000002478043b260, 0x000002478043b568]
Event: 67.950 Thread 0x00000247ff2ec470 2314       3       com.sun.org.apache.xerces.internal.impl.XMLEntityScanner::skipSpaces (362 bytes)
Event: 67.951 Thread 0x00000247ff2ec470 nmethod 2314 0x000002478043b710 code [0x000002478043b9a0, 0x000002478043c4d8]
Event: 67.951 Thread 0x00000247ff2ec470 2315       3       com.sun.org.apache.xerces.internal.dom.DeferredDocumentImpl::clearChunkValue (69 bytes)
Event: 67.952 Thread 0x00000247ff2ec470 nmethod 2315 0x000002478043c910 code [0x000002478043cb00, 0x000002478043d290]
Event: 67.952 Thread 0x00000247ff2ec470 2316       1       java.lang.ClassLoader::getUnnamedModule (5 bytes)
Event: 67.952 Thread 0x00000247ff2ec470 nmethod 2316 0x0000024787ba8a90 code [0x0000024787ba8c20, 0x0000024787ba8cf0]

GC Heap History (4 events):
Event: 63.917 GC heap before
{Heap before GC invocations=0 (full 0):
 garbage-first heap   total 262144K, used 20480K [0x0000000701e00000, 0x0000000800000000)
  region size 2048K, 11 young (22528K), 0 survivors (0K)
 Metaspace       used 6583K, committed 6848K, reserved 1114112K
  class space    used 742K, committed 896K, reserved 1048576K
}
Event: 63.926 GC heap after
{Heap after GC invocations=1 (full 0):
 garbage-first heap   total 262144K, used 9493K [0x0000000701e00000, 0x0000000800000000)
  region size 2048K, 2 young (4096K), 2 survivors (4096K)
 Metaspace       used 6583K, committed 6848K, reserved 1114112K
  class space    used 742K, committed 896K, reserved 1048576K
}
Event: 67.242 GC heap before
{Heap before GC invocations=1 (full 0):
 garbage-first heap   total 262144K, used 27925K [0x0000000701e00000, 0x0000000800000000)
  region size 2048K, 12 young (24576K), 2 survivors (4096K)
 Metaspace       used 12442K, committed 12800K, reserved 1114112K
  class space    used 1465K, committed 1664K, reserved 1048576K
}
Event: 67.248 GC heap after
{Heap after GC invocations=2 (full 0):
 garbage-first heap   total 262144K, used 12016K [0x0000000701e00000, 0x0000000800000000)
  region size 2048K, 2 young (4096K), 2 survivors (4096K)
 Metaspace       used 12442K, committed 12800K, reserved 1114112K
  class space    used 1465K, committed 1664K, reserved 1048576K
}

Dll operation events (10 events):
Event: 0.009 Loaded shared library C:\Users\admin\OneDrive\Documents\eclipse-jee-2025-03-R-win32-x86_64\eclipse\plugins\org.eclipse.justj.openjdk.hotspot.jre.full.win32.x86_64_21.0.6.v20250130-0529\jre\bin\java.dll
Event: 0.054 Loaded shared library C:\Users\admin\OneDrive\Documents\eclipse-jee-2025-03-R-win32-x86_64\eclipse\plugins\org.eclipse.justj.openjdk.hotspot.jre.full.win32.x86_64_21.0.6.v20250130-0529\jre\bin\zip.dll
Event: 0.142 Loaded shared library C:\Users\admin\OneDrive\Documents\eclipse-jee-2025-03-R-win32-x86_64\eclipse\plugins\org.eclipse.justj.openjdk.hotspot.jre.full.win32.x86_64_21.0.6.v20250130-0529\jre\bin\net.dll
Event: 0.146 Loaded shared library C:\Users\admin\OneDrive\Documents\eclipse-jee-2025-03-R-win32-x86_64\eclipse\plugins\org.eclipse.justj.openjdk.hotspot.jre.full.win32.x86_64_21.0.6.v20250130-0529\jre\bin\nio.dll
Event: 0.151 Loaded shared library C:\Users\admin\OneDrive\Documents\eclipse-jee-2025-03-R-win32-x86_64\eclipse\plugins\org.eclipse.justj.openjdk.hotspot.jre.full.win32.x86_64_21.0.6.v20250130-0529\jre\bin\zip.dll
Event: 0.278 Loaded shared library C:\Users\admin\OneDrive\Documents\eclipse-jee-2025-03-R-win32-x86_64\eclipse\plugins\org.eclipse.justj.openjdk.hotspot.jre.full.win32.x86_64_21.0.6.v20250130-0529\jre\bin\jimage.dll
Event: 0.384 Loaded shared library C:\Users\admin\OneDrive\Documents\eclipse-jee-2025-03-R-win32-x86_64\eclipse\plugins\org.eclipse.justj.openjdk.hotspot.jre.full.win32.x86_64_21.0.6.v20250130-0529\jre\bin\extnet.dll
Event: 63.709 Loaded shared library C:\Users\admin\OneDrive\Documents\eclipse-jee-2025-03-R-win32-x86_64\eclipse\plugins\org.eclipse.justj.openjdk.hotspot.jre.full.win32.x86_64_21.0.6.v20250130-0529\jre\bin\sunmscapi.dll
Event: 67.540 Loaded shared library C:\Users\admin\OneDrive\Documents\eclipse-jee-2025-03-R-win32-x86_64\eclipse\plugins\org.eclipse.justj.openjdk.hotspot.jre.full.win32.x86_64_21.0.6.v20250130-0529\jre\bin\management.dll
Event: 67.544 Loaded shared library C:\Users\admin\OneDrive\Documents\eclipse-jee-2025-03-R-win32-x86_64\eclipse\plugins\org.eclipse.justj.openjdk.hotspot.jre.full.win32.x86_64_21.0.6.v20250130-0529\jre\bin\management_ext.dll

Deoptimization events (20 events):
Event: 67.939 Thread 0x00000247f19d9af0 Uncommon trap: trap_request=0xffffff45 fr.pc=0x0000024787aec958 relative=0x00000000000004f8
Event: 67.939 Thread 0x00000247f19d9af0 Uncommon trap: reason=unstable_if action=reinterpret pc=0x0000024787aec958 method=java.lang.AbstractStringBuilder.isLatin1()Z @ 10 c2
Event: 67.939 Thread 0x00000247f19d9af0 DEOPT PACKING pc=0x0000024787aec958 sp=0x0000007d452fe990
Event: 67.939 Thread 0x00000247f19d9af0 DEOPT UNPACKING pc=0x00000247875846a2 sp=0x0000007d452fe920 mode 2
Event: 67.940 Thread 0x00000247f19d9af0 Uncommon trap: trap_request=0xffffff45 fr.pc=0x0000024787b23d68 relative=0x00000000000000c8
Event: 67.940 Thread 0x00000247f19d9af0 Uncommon trap: reason=unstable_if action=reinterpret pc=0x0000024787b23d68 method=java.lang.CharacterDataLatin1.digit(II)I @ 7 c2
Event: 67.940 Thread 0x00000247f19d9af0 DEOPT PACKING pc=0x0000024787b23d68 sp=0x0000007d452fe7b0
Event: 67.940 Thread 0x00000247f19d9af0 DEOPT UNPACKING pc=0x00000247875846a2 sp=0x0000007d452fe670 mode 2
Event: 67.940 Thread 0x00000247f19d9af0 Uncommon trap: trap_request=0xffffff45 fr.pc=0x0000024787b241d0 relative=0x00000000000000b0
Event: 67.940 Thread 0x00000247f19d9af0 Uncommon trap: reason=unstable_if action=reinterpret pc=0x0000024787b241d0 method=java.lang.CharacterDataLatin1.digit(II)I @ 7 c2
Event: 67.940 Thread 0x00000247f19d9af0 DEOPT PACKING pc=0x0000024787b241d0 sp=0x0000007d452fe700
Event: 67.940 Thread 0x00000247f19d9af0 DEOPT UNPACKING pc=0x00000247875846a2 sp=0x0000007d452fe680 mode 2
Event: 67.941 Thread 0x00000247f19d9af0 Uncommon trap: trap_request=0xffffff45 fr.pc=0x0000024787ad9868 relative=0x0000000000000048
Event: 67.941 Thread 0x00000247f19d9af0 Uncommon trap: reason=unstable_if action=reinterpret pc=0x0000024787ad9868 method=java.lang.StringLatin1.canEncode(I)Z @ 4 c2
Event: 67.941 Thread 0x00000247f19d9af0 DEOPT PACKING pc=0x0000024787ad9868 sp=0x0000007d452fe920
Event: 67.941 Thread 0x00000247f19d9af0 DEOPT UNPACKING pc=0x00000247875846a2 sp=0x0000007d452fe8b0 mode 2
Event: 67.950 Thread 0x00000247f19d9af0 Uncommon trap: trap_request=0xffffff6e fr.pc=0x0000024787b98bf0 relative=0x00000000000001d0
Event: 67.950 Thread 0x00000247f19d9af0 Uncommon trap: reason=loop_limit_check action=maybe_recompile pc=0x0000024787b98bf0 method=java.lang.StringLatin1.lastIndexOf([BII)I @ 19 c2
Event: 67.950 Thread 0x00000247f19d9af0 DEOPT PACKING pc=0x0000024787b98bf0 sp=0x0000007d452fead0
Event: 67.950 Thread 0x00000247f19d9af0 DEOPT UNPACKING pc=0x00000247875846a2 sp=0x0000007d452fe988 mode 2

Classes loaded (20 events):
Event: 67.914 Loading class org/w3c/dom/Attr done
Event: 67.914 Loading class com/sun/org/apache/xerces/internal/dom/AttrImpl done
Event: 67.914 Loading class com/sun/org/apache/xerces/internal/dom/AttrNSImpl done
Event: 67.914 Loading class com/sun/org/apache/xerces/internal/dom/DeferredAttrNSImpl done
Event: 67.930 Loading class com/sun/org/apache/xerces/internal/dom/DeferredTextImpl
Event: 67.930 Loading class com/sun/org/apache/xerces/internal/dom/TextImpl
Event: 67.930 Loading class org/w3c/dom/CharacterData
Event: 67.930 Loading class org/w3c/dom/CharacterData done
Event: 67.930 Loading class org/w3c/dom/Text
Event: 67.930 Loading class org/w3c/dom/Text done
Event: 67.930 Loading class com/sun/org/apache/xerces/internal/dom/CharacterDataImpl
Event: 67.930 Loading class com/sun/org/apache/xerces/internal/dom/CharacterDataImpl done
Event: 67.930 Loading class com/sun/org/apache/xerces/internal/dom/TextImpl done
Event: 67.930 Loading class com/sun/org/apache/xerces/internal/dom/DeferredTextImpl done
Event: 67.930 Loading class com/sun/org/apache/xerces/internal/dom/CharacterDataImpl$1
Event: 67.931 Loading class com/sun/org/apache/xerces/internal/dom/CharacterDataImpl$1 done
Event: 67.939 Loading class java/text/ParsePosition
Event: 67.939 Loading class java/text/ParsePosition done
Event: 67.939 Loading class java/text/CalendarBuilder
Event: 67.940 Loading class java/text/CalendarBuilder done

Classes unloaded (0 events):
No events

Classes redefined (0 events):
No events

Internal exceptions (20 events):
Event: 64.822 Thread 0x00000247ffb5e150 Exception <a 'java/lang/NoSuchMethodError'{0x00000007113461c8}: 'void java.lang.invoke.DirectMethodHandle$Holder.invokeSpecial(java.lang.Object, java.lang.Object, java.lang.Object)'> (0x00000007113461c8) 
thrown [s\src\hotspot\share\interpreter\linkResolver.cpp, line 773]
Event: 64.835 Thread 0x00000247ffb5e150 Exception <a 'java/lang/NoSuchMethodError'{0x00000007113ec1f0}: 'void java.lang.invoke.DirectMethodHandle$Holder.invokeSpecial(java.lang.Object, java.lang.Object, java.lang.Object, java.lang.Object, java.lang.Object)'> (0x00000007113ec1f0) 
thrown [s\src\hotspot\share\interpreter\linkResolver.cpp, line 773]
Event: 66.140 Thread 0x00000247ffb67ad0 Exception <a 'java/lang/NoSuchMethodError'{0x0000000711199d38}: 'void java.lang.invoke.DirectMethodHandle$Holder.invokeSpecial(java.lang.Object, java.lang.Object, java.lang.Object, java.lang.Object, java.lang.Object, java.lang.Object, java.lang.Object)'> (0x0000000711199d38) 
thrown [s\src\hotspot\share\interpreter\linkResolver.cpp, line 773]
Event: 66.167 Thread 0x00000247f19d9af0 Exception <a 'java/lang/NoSuchMethodError'{0x0000000710e101e8}: 'java.lang.Object java.lang.invoke.DirectMethodHandle$Holder.invokeSpecialIFC(java.lang.Object, java.lang.Object, java.lang.Object)'> (0x0000000710e101e8) 
thrown [s\src\hotspot\share\interpreter\linkResolver.cpp, line 773]
Event: 66.381 Thread 0x00000247f19d9af0 Exception <a 'java/lang/ClassNotFoundException'{0x0000000710ac8f20}: sun/util/logging/resources/spi/loggingProvider> (0x0000000710ac8f20) 
thrown [s\src\hotspot\share\classfile\systemDictionary.cpp, line 312]
Event: 67.324 Thread 0x00000247f19d9af0 Exception <a 'java/lang/NoSuchMethodError'{0x0000000711a9c4f8}: 'java.lang.Object java.lang.invoke.DirectMethodHandle$Holder.invokeStatic(java.lang.Object, int, java.lang.Object)'> (0x0000000711a9c4f8) 
thrown [s\src\hotspot\share\interpreter\linkResolver.cpp, line 773]
Event: 67.340 Thread 0x00000247f19d9af0 Exception <a 'java/lang/NoSuchMethodError'{0x0000000711b40b40}: 'int java.lang.invoke.DirectMethodHandle$Holder.invokeStatic(java.lang.Object)'> (0x0000000711b40b40) 
thrown [s\src\hotspot\share\interpreter\linkResolver.cpp, line 773]
Event: 67.341 Thread 0x00000247f19d9af0 Exception <a 'java/lang/NoSuchMethodError'{0x0000000711b43cd8}: 'int java.lang.invoke.DirectMethodHandle$Holder.invokeStaticInit(java.lang.Object)'> (0x0000000711b43cd8) 
thrown [s\src\hotspot\share\interpreter\linkResolver.cpp, line 773]
Event: 67.523 Thread 0x00000247f19d9af0 Exception <a 'java/lang/NoSuchMethodError'{0x0000000711358a28}: 'java.lang.Object java.lang.invoke.DirectMethodHandle$Holder.newInvokeSpecial(java.lang.Object, long, int, java.lang.Object)'> (0x0000000711358a28) 
thrown [s\src\hotspot\share\interpreter\linkResolver.cpp, line 773]
Event: 67.644 Thread 0x00000247f19d9af0 Exception <a 'java/lang/NoSuchMethodError'{0x0000000710e53380}: 'java.lang.Object java.lang.invoke.Invokers$Holder.invokeExact_MT(java.lang.Object, java.lang.Object, java.lang.Object, java.lang.Object, java.lang.Object)'> (0x0000000710e53380) 
thrown [s\src\hotspot\share\interpreter\linkResolver.cpp, line 773]
Event: 67.737 Thread 0x00000247f19d9af0 Exception <a 'java/lang/NoSuchMethodError'{0x0000000710cd1cb8}: 'void java.lang.invoke.DirectMethodHandle$Holder.invokeStaticInit(java.lang.Object)'> (0x0000000710cd1cb8) 
thrown [s\src\hotspot\share\interpreter\linkResolver.cpp, line 773]
Event: 67.750 Thread 0x00000247f19d9af0 Exception <a 'java/lang/NoSuchMethodError'{0x0000000710d5c830}: 'int java.lang.invoke.DirectMethodHandle$Holder.invokeSpecial(java.lang.Object, java.lang.Object, int)'> (0x0000000710d5c830) 
thrown [s\src\hotspot\share\interpreter\linkResolver.cpp, line 773]
Event: 67.761 Thread 0x00000247f19d9af0 Exception <a 'java/lang/NoSuchMethodError'{0x0000000710dc7720}: 'void java.lang.invoke.DirectMethodHandle$Holder.invokeStaticInit(java.lang.Object, java.lang.Object, java.lang.Object)'> (0x0000000710dc7720) 
thrown [s\src\hotspot\share\interpreter\linkResolver.cpp, line 773]
Event: 67.762 Thread 0x00000247f19d9af0 Exception <a 'java/lang/NoSuchMethodError'{0x0000000710dd3ee8}: 'java.lang.Object java.lang.invoke.DirectMethodHandle$Holder.invokeStaticInit(java.lang.Object, java.lang.Object, java.lang.Object)'> (0x0000000710dd3ee8) 
thrown [s\src\hotspot\share\interpreter\linkResolver.cpp, line 773]
Event: 67.766 Thread 0x00000247f19d9af0 Exception <a 'java/lang/NoSuchMethodError'{0x0000000710dee360}: 'void java.lang.invoke.DirectMethodHandle$Holder.invokeStaticInit(java.lang.Object, java.lang.Object, java.lang.Object, java.lang.Object)'> (0x0000000710dee360) 
thrown [s\src\hotspot\share\interpreter\linkResolver.cpp, line 773]
Event: 67.770 Thread 0x00000247f19d9af0 Exception <a 'java/lang/NoSuchMethodError'{0x0000000710a05798}: 'void java.lang.invoke.DirectMethodHandle$Holder.invokeStatic(java.lang.Object, int)'> (0x0000000710a05798) 
thrown [s\src\hotspot\share\interpreter\linkResolver.cpp, line 773]
Event: 67.770 Thread 0x00000247f19d9af0 Exception <a 'java/lang/NoSuchMethodError'{0x0000000710a08cf0}: 'void java.lang.invoke.DirectMethodHandle$Holder.invokeStaticInit(java.lang.Object, int)'> (0x0000000710a08cf0) 
thrown [s\src\hotspot\share\interpreter\linkResolver.cpp, line 773]
Event: 67.843 Thread 0x00000247f19d9af0 Exception <a 'java/lang/NoSuchMethodError'{0x0000000710bdf650}: 'void java.lang.invoke.DirectMethodHandle$Holder.invokeVirtual(java.lang.Object, java.lang.Object, java.lang.Object, java.lang.Object)'> (0x0000000710bdf650) 
thrown [s\src\hotspot\share\interpreter\linkResolver.cpp, line 773]
Event: 67.882 Thread 0x00000247f19d9af0 Exception <a 'java/lang/NoSuchMethodError'{0x0000000710617a88}: 'void java.lang.invoke.DirectMethodHandle$Holder.invokeStatic(java.lang.Object, java.lang.Object, java.lang.Object, int)'> (0x0000000710617a88) 
thrown [s\src\hotspot\share\interpreter\linkResolver.cpp, line 773]
Event: 67.882 Thread 0x00000247f19d9af0 Exception <a 'java/lang/NoSuchMethodError'{0x000000071061ace8}: 'void java.lang.invoke.DirectMethodHandle$Holder.invokeStaticInit(java.lang.Object, java.lang.Object, java.lang.Object, int)'> (0x000000071061ace8) 
thrown [s\src\hotspot\share\interpreter\linkResolver.cpp, line 773]

ZGC Phase Switch (0 events):
No events

VM Operations (20 events):
Event: 63.876 Executing VM operation: HandshakeAllThreads (Deoptimize)
Event: 63.876 Executing VM operation: HandshakeAllThreads (Deoptimize) done
Event: 63.916 Executing VM operation: G1CollectForAllocation (G1 Evacuation Pause)
Event: 63.926 Executing VM operation: G1CollectForAllocation (G1 Evacuation Pause) done
Event: 64.635 Executing VM operation: HandshakeAllThreads (Deoptimize)
Event: 64.635 Executing VM operation: HandshakeAllThreads (Deoptimize) done
Event: 64.713 Executing VM operation: HandshakeAllThreads (Deoptimize)
Event: 64.713 Executing VM operation: HandshakeAllThreads (Deoptimize) done
Event: 65.716 Executing VM operation: Cleanup
Event: 65.716 Executing VM operation: Cleanup done
Event: 66.114 Executing VM operation: HandshakeAllThreads (Deoptimize)
Event: 66.114 Executing VM operation: HandshakeAllThreads (Deoptimize) done
Event: 66.117 Executing VM operation: HandshakeAllThreads (Deoptimize)
Event: 66.117 Executing VM operation: HandshakeAllThreads (Deoptimize) done
Event: 66.379 Executing VM operation: HandshakeAllThreads (Deoptimize)
Event: 66.379 Executing VM operation: HandshakeAllThreads (Deoptimize) done
Event: 67.242 Executing VM operation: G1CollectForAllocation (G1 Evacuation Pause)
Event: 67.248 Executing VM operation: G1CollectForAllocation (G1 Evacuation Pause) done
Event: 67.716 Executing VM operation: HandshakeAllThreads (Deoptimize)
Event: 67.716 Executing VM operation: HandshakeAllThreads (Deoptimize) done

Memory protections (0 events):
No events

Nmethod flushes (0 events):
No events

Events (20 events):
Event: 63.845 Thread 0x00000247ff2ec470 Thread added: 0x00000247ffcbf8b0
Event: 64.116 Thread 0x00000247f19d9af0 Thread added: 0x00000247ffad78c0
Event: 64.633 Thread 0x00000247f19d9af0 Thread added: 0x00000247ffb12840
Event: 64.635 Thread 0x00000247f19d9af0 Thread added: 0x00000247ffb13ec0
Event: 64.635 Thread 0x00000247ffcbf8b0 Thread exited: 0x00000247ffcbf8b0
Event: 64.636 Thread 0x00000247f19d9af0 Thread added: 0x00000247ffcbf8b0
Event: 64.642 Thread 0x00000247ffb13ec0 Thread added: 0x00000247ffb1f490
Event: 64.713 Thread 0x00000247ffb1f490 Thread added: 0x00000247ffb26a00
Event: 64.771 Thread 0x00000247f19d9af0 Thread added: 0x00000247ffb5e150
Event: 64.773 Thread 0x00000247f19d9af0 Thread added: 0x00000247ffb66db0
Event: 64.848 Thread 0x00000247ffad78c0 Thread added: 0x00000247ffb67ad0
Event: 64.849 Thread 0x00000247ffad78c0 Thread added: 0x00000247ffb64ce0
Event: 64.850 Thread 0x00000247ffad78c0 Thread added: 0x00000247ffb67440
Event: 66.248 Thread 0x00000247f19d9af0 Thread added: 0x00000247ffb65370
Event: 66.248 Thread 0x00000247f19d9af0 Thread added: 0x00000247ffb66720
Event: 66.251 Thread 0x00000247ffb65370 Thread added: 0x00000247ffb68160
Event: 66.252 Thread 0x00000247ffb65370 Thread added: 0x00000247ffb65a00
Event: 66.253 Thread 0x00000247ffb65370 Thread added: 0x00000247ffb66090
Event: 67.248 Thread 0x00000247ff2ec470 Thread added: 0x00000247fff0a530
Event: 67.931 Thread 0x00000247ff2ec470 Thread added: 0x00000247d583cc90


Dynamic libraries:
0x00007ff678c20000 - 0x00007ff678c2e000 	C:\Users\admin\OneDrive\Documents\eclipse-jee-2025-03-R-win32-x86_64\eclipse\plugins\org.eclipse.justj.openjdk.hotspot.jre.full.win32.x86_64_21.0.6.v20250130-0529\jre\bin\javaw.exe
0x00007ffc9a350000 - 0x00007ffc9a548000 	C:\Windows\SYSTEM32\ntdll.dll
0x00007ffc99f60000 - 0x00007ffc9a022000 	C:\Windows\System32\KERNEL32.DLL
0x00007ffc97ee0000 - 0x00007ffc981d6000 	C:\Windows\System32\KERNELBASE.dll
0x00007ffc97cc0000 - 0x00007ffc97dc0000 	C:\Windows\System32\ucrtbase.dll
0x00007ffc81b00000 - 0x00007ffc81b1e000 	C:\Users\admin\OneDrive\Documents\eclipse-jee-2025-03-R-win32-x86_64\eclipse\plugins\org.eclipse.justj.openjdk.hotspot.jre.full.win32.x86_64_21.0.6.v20250130-0529\jre\bin\VCRUNTIME140.dll
0x00007ffc7e150000 - 0x00007ffc7e168000 	C:\Users\admin\OneDrive\Documents\eclipse-jee-2025-03-R-win32-x86_64\eclipse\plugins\org.eclipse.justj.openjdk.hotspot.jre.full.win32.x86_64_21.0.6.v20250130-0529\jre\bin\jli.dll
0x00007ffc990f0000 - 0x00007ffc9928d000 	C:\Windows\System32\USER32.dll
0x00007ffc98350000 - 0x00007ffc98372000 	C:\Windows\System32\win32u.dll
0x00007ffc82b10000 - 0x00007ffc82daa000 	C:\Windows\WinSxS\amd64_microsoft.windows.common-controls_6595b64144ccf1df_6.0.19041.5794_none_60bcd33171f2783c\COMCTL32.dll
0x00007ffc9a2e0000 - 0x00007ffc9a30b000 	C:\Windows\System32\GDI32.dll
0x00007ffc98ad0000 - 0x00007ffc98b6e000 	C:\Windows\System32\msvcrt.dll
0x00007ffc97dc0000 - 0x00007ffc97eda000 	C:\Windows\System32\gdi32full.dll
0x00007ffc979f0000 - 0x00007ffc97a8d000 	C:\Windows\System32\msvcp_win.dll
0x00007ffc9a0e0000 - 0x00007ffc9a10f000 	C:\Windows\System32\IMM32.DLL
0x00007ffc91040000 - 0x00007ffc9104c000 	C:\Users\admin\OneDrive\Documents\eclipse-jee-2025-03-R-win32-x86_64\eclipse\plugins\org.eclipse.justj.openjdk.hotspot.jre.full.win32.x86_64_21.0.6.v20250130-0529\jre\bin\vcruntime140_1.dll
0x00007ffc6f810000 - 0x00007ffc6f89d000 	C:\Users\admin\OneDrive\Documents\eclipse-jee-2025-03-R-win32-x86_64\eclipse\plugins\org.eclipse.justj.openjdk.hotspot.jre.full.win32.x86_64_21.0.6.v20250130-0529\jre\bin\msvcp140.dll
0x00007ffbeffd0000 - 0x00007ffbf0d60000 	C:\Users\admin\OneDrive\Documents\eclipse-jee-2025-03-R-win32-x86_64\eclipse\plugins\org.eclipse.justj.openjdk.hotspot.jre.full.win32.x86_64_21.0.6.v20250130-0529\jre\bin\server\jvm.dll
0x00007ffc9a030000 - 0x00007ffc9a0df000 	C:\Windows\System32\ADVAPI32.dll
0x00007ffc9a110000 - 0x00007ffc9a1af000 	C:\Windows\System32\sechost.dll
0x00007ffc9a1b0000 - 0x00007ffc9a2d3000 	C:\Windows\System32\RPCRT4.dll
0x00007ffc98320000 - 0x00007ffc98347000 	C:\Windows\System32\bcrypt.dll
0x00007ffc99080000 - 0x00007ffc990eb000 	C:\Windows\System32\WS2_32.dll
0x00007ffc97850000 - 0x00007ffc9789b000 	C:\Windows\SYSTEM32\POWRPROF.dll
0x00007ffc90b50000 - 0x00007ffc90b5a000 	C:\Windows\SYSTEM32\VERSION.dll
0x00007ffc81f70000 - 0x00007ffc81f97000 	C:\Windows\SYSTEM32\WINMM.dll
0x00007ffc97830000 - 0x00007ffc97842000 	C:\Windows\SYSTEM32\UMPDC.dll
0x00007ffc96210000 - 0x00007ffc96222000 	C:\Windows\SYSTEM32\kernel.appcore.dll
0x00007ffc91050000 - 0x00007ffc9105a000 	C:\Users\admin\OneDrive\Documents\eclipse-jee-2025-03-R-win32-x86_64\eclipse\plugins\org.eclipse.justj.openjdk.hotspot.jre.full.win32.x86_64_21.0.6.v20250130-0529\jre\bin\jimage.dll
0x00007ffc94ef0000 - 0x00007ffc950f1000 	C:\Windows\SYSTEM32\DBGHELP.DLL
0x00007ffc7dd20000 - 0x00007ffc7dd54000 	C:\Windows\SYSTEM32\dbgcore.DLL
0x00007ffc98290000 - 0x00007ffc98312000 	C:\Windows\System32\bcryptPrimitives.dll
0x00007ffc737a0000 - 0x00007ffc737bf000 	C:\Users\admin\OneDrive\Documents\eclipse-jee-2025-03-R-win32-x86_64\eclipse\plugins\org.eclipse.justj.openjdk.hotspot.jre.full.win32.x86_64_21.0.6.v20250130-0529\jre\bin\java.dll
0x00007ffc99790000 - 0x00007ffc99efe000 	C:\Windows\System32\SHELL32.dll
0x00007ffc95a50000 - 0x00007ffc961f3000 	C:\Windows\SYSTEM32\windows.storage.dll
0x00007ffc98bd0000 - 0x00007ffc98f23000 	C:\Windows\System32\combase.dll
0x00007ffc97350000 - 0x00007ffc9737b000 	C:\Windows\SYSTEM32\Wldp.dll
0x00007ffc996c0000 - 0x00007ffc9978d000 	C:\Windows\System32\OLEAUT32.dll
0x00007ffc995a0000 - 0x00007ffc9964d000 	C:\Windows\System32\SHCORE.dll
0x00007ffc99f00000 - 0x00007ffc99f55000 	C:\Windows\System32\shlwapi.dll
0x00007ffc97920000 - 0x00007ffc97945000 	C:\Windows\SYSTEM32\profapi.dll
0x00007ffc72a40000 - 0x00007ffc72a58000 	C:\Users\admin\OneDrive\Documents\eclipse-jee-2025-03-R-win32-x86_64\eclipse\plugins\org.eclipse.justj.openjdk.hotspot.jre.full.win32.x86_64_21.0.6.v20250130-0529\jre\bin\zip.dll
0x00007ffc7c5a0000 - 0x00007ffc7c5b0000 	C:\Users\admin\OneDrive\Documents\eclipse-jee-2025-03-R-win32-x86_64\eclipse\plugins\org.eclipse.justj.openjdk.hotspot.jre.full.win32.x86_64_21.0.6.v20250130-0529\jre\bin\net.dll
0x00007ffc8af20000 - 0x00007ffc8b02a000 	C:\Windows\SYSTEM32\WINHTTP.dll
0x00007ffc970b0000 - 0x00007ffc9711c000 	C:\Windows\system32\mswsock.dll
0x00007ffc71c10000 - 0x00007ffc71c26000 	C:\Users\admin\OneDrive\Documents\eclipse-jee-2025-03-R-win32-x86_64\eclipse\plugins\org.eclipse.justj.openjdk.hotspot.jre.full.win32.x86_64_21.0.6.v20250130-0529\jre\bin\nio.dll
0x00007ffc7f6c0000 - 0x00007ffc7f6c9000 	C:\Users\admin\OneDrive\Documents\eclipse-jee-2025-03-R-win32-x86_64\eclipse\plugins\org.eclipse.justj.openjdk.hotspot.jre.full.win32.x86_64_21.0.6.v20250130-0529\jre\bin\extnet.dll
0x00007ffc96dd0000 - 0x00007ffc96e9a000 	C:\Windows\SYSTEM32\DNSAPI.dll
0x00007ffc96d90000 - 0x00007ffc96dcb000 	C:\Windows\SYSTEM32\IPHLPAPI.DLL
0x00007ffc994b0000 - 0x00007ffc994b8000 	C:\Windows\System32\NSI.dll
0x00007ffc8ae30000 - 0x00007ffc8ae3a000 	C:\Windows\System32\rasadhlp.dll
0x00007ffc82710000 - 0x00007ffc82790000 	C:\Windows\System32\fwpuclnt.dll
0x00007ffc74ad0000 - 0x00007ffc74ade000 	C:\Users\admin\OneDrive\Documents\eclipse-jee-2025-03-R-win32-x86_64\eclipse\plugins\org.eclipse.justj.openjdk.hotspot.jre.full.win32.x86_64_21.0.6.v20250130-0529\jre\bin\sunmscapi.dll
0x00007ffc97a90000 - 0x00007ffc97bed000 	C:\Windows\System32\CRYPT32.dll
0x00007ffc973c0000 - 0x00007ffc973e7000 	C:\Windows\SYSTEM32\ncrypt.dll
0x00007ffc97380000 - 0x00007ffc973bb000 	C:\Windows\SYSTEM32\NTASN1.dll
0x00007ffc972b0000 - 0x00007ffc972c8000 	C:\Windows\SYSTEM32\CRYPTSP.dll
0x00007ffc969d0000 - 0x00007ffc96a08000 	C:\Windows\system32\rsaenh.dll
0x00007ffc978e0000 - 0x00007ffc9790e000 	C:\Windows\SYSTEM32\USERENV.dll
0x00007ffc972a0000 - 0x00007ffc972ac000 	C:\Windows\SYSTEM32\CRYPTBASE.dll
0x00007ffc6f980000 - 0x00007ffc6f987000 	C:\Windows\system32\wshunix.dll
0x00007ffc7e550000 - 0x00007ffc7e55a000 	C:\Users\admin\OneDrive\Documents\eclipse-jee-2025-03-R-win32-x86_64\eclipse\plugins\org.eclipse.justj.openjdk.hotspot.jre.full.win32.x86_64_21.0.6.v20250130-0529\jre\bin\management.dll
0x00007ffc7e4e0000 - 0x00007ffc7e4eb000 	C:\Users\admin\OneDrive\Documents\eclipse-jee-2025-03-R-win32-x86_64\eclipse\plugins\org.eclipse.justj.openjdk.hotspot.jre.full.win32.x86_64_21.0.6.v20250130-0529\jre\bin\management_ext.dll
0x00007ffc99290000 - 0x00007ffc99298000 	C:\Windows\System32\PSAPI.DLL
0x00007ffc77e30000 - 0x00007ffc77e47000 	C:\Windows\system32\napinsp.dll
0x00007ffc77e10000 - 0x00007ffc77e2b000 	C:\Windows\system32\pnrpnsp.dll
0x00007ffc93d30000 - 0x00007ffc93d4d000 	C:\Windows\system32\wshbth.dll
0x00007ffc90b60000 - 0x00007ffc90b7d000 	C:\Windows\system32\NLAapi.dll
0x00007ffc77df0000 - 0x00007ffc77e02000 	C:\Windows\System32\winrnr.dll

dbghelp: loaded successfully - version: 4.0.5 - missing functions: none
symbol engine: initialized successfully - sym options: 0x614 - pdb path: .;C:\Users\admin\OneDrive\Documents\eclipse-jee-2025-03-R-win32-x86_64\eclipse\plugins\org.eclipse.justj.openjdk.hotspot.jre.full.win32.x86_64_21.0.6.v20250130-0529\jre\bin;C:\Windows\SYSTEM32;C:\Windows\WinSxS\amd64_microsoft.windows.common-controls_6595b64144ccf1df_6.0.19041.5794_none_60bcd33171f2783c;C:\Users\admin\OneDrive\Documents\eclipse-jee-2025-03-R-win32-x86_64\eclipse\plugins\org.eclipse.justj.openjdk.hotspot.jre.full.win32.x86_64_21.0.6.v20250130-0529\jre\bin\server

VM Arguments:
jvm_args: -Dfile.encoding=UTF-8 -Dstdout.encoding=UTF-8 -Dstderr.encoding=UTF-8 -XX:+ShowCodeDetailsInExceptionMessages 
java_command: testcases.login
java_class_path (initial): C:\Users\admin\eclipse-workspace\selenium-java\ThinkX\target\test-classes;C:\Users\admin\eclipse-workspace\selenium-java\ThinkX\target\classes;C:\Users\admin\.m2\repository\org\seleniumhq\selenium\selenium-java\4.27.0\selenium-java-4.27.0.jar;C:\Users\admin\.m2\repository\org\seleniumhq\selenium\selenium-api\4.27.0\selenium-api-4.27.0.jar;C:\Users\admin\.m2\repository\org\jspecify\jspecify\1.0.0\jspecify-1.0.0.jar;C:\Users\admin\.m2\repository\org\seleniumhq\selenium\selenium-chrome-driver\4.27.0\selenium-chrome-driver-4.27.0.jar;C:\Users\admin\.m2\repository\com\google\auto\service\auto-service-annotations\1.1.1\auto-service-annotations-1.1.1.jar;C:\Users\admin\.m2\repository\org\seleniumhq\selenium\selenium-chromium-driver\4.27.0\selenium-chromium-driver-4.27.0.jar;C:\Users\admin\.m2\repository\org\seleniumhq\selenium\selenium-json\4.27.0\selenium-json-4.27.0.jar;C:\Users\admin\.m2\repository\org\seleniumhq\selenium\selenium-manager\4.27.0\selenium-manager-4.27.0.jar;C:\Users\admin\.m2\repository\org\seleniumhq\selenium\selenium-devtools-v129\4.27.0\selenium-devtools-v129-4.27.0.jar;C:\Users\admin\.m2\repository\org\seleniumhq\selenium\selenium-devtools-v130\4.27.0\selenium-devtools-v130-4.27.0.jar;C:\Users\admin\.m2\repository\org\seleniumhq\selenium\selenium-devtools-v131\4.27.0\selenium-devtools-v131-4.27.0.jar;C:\Users\admin\.m2\repository\org\seleniumhq\selenium\selenium-devtools-v85\4.27.0\selenium-devtools-v85-4.27.0.jar;C:\Users\admin\.m2\repository\org\seleniumhq\selenium\selenium-edge-driver\4.27.0\selenium-edge-driver-4.27.0.jar;C:\Users\admin\.m2\repository\org\seleniumhq\selenium\selenium-firefox-driver\4.27.0\selenium-firefox-driver-4.27.0.jar;C:\Users\admin\.m2\repository\org\seleniumhq\selenium\selenium-http\4.27.0\selenium-http-4.27.0.jar;C:\Users\admin\.m2\repository\dev\failsafe\failsafe\3.3.2\failsafe-3.3.2.jar;C:\Users\admin\.m2\repository\org\seleniumhq\selenium\selenium-ie-driver\4.27.0\selenium-ie-driver-4.27.0.jar;C:\Users\admin\.m2\repository\org\seleniumhq\selenium\selenium-remote-driver\4.27.0\selenium-remote-driver-4.27.0.jar;C:\Users\admin\.m2\repository\com\google\guava\guava\33.3.1-jre\guava-33.3.1-jre.jar;C:\Users\admin\.m2\repository\com\google\guava\failureaccess\1.0.2\failureaccess-1.0.2.jar;C:\Users\admin\.m2\repository\com\google\guava\listenablefuture\9999.0-empty-to-avoid-conflict-with-guava\listenablefuture-9999.0-empty-to-avoid-conflict-with-guava.jar;C:\Users\admin\.m2\repository\com\google\code\findbugs\jsr305\3.0.2\jsr305-3.0.2.jar;C:\Users\admin\.m2\repository\org\checkerframework\checker-qual\3.43.0\checker-qual-3.43.0.jar;C:\Users\admin\.m2\repository\com\google\errorprone\error_prone_annotations\2.28.0\error_prone_annotations-2.28.0.jar;C:\Users\admin\.m2\repository\com\google\j2objc\j2objc-annotations\3.0.0\j2objc-annotations-3.0.0.jar;C:\Users\admin\.m2\repository\io\opentelemetry\semconv\opentelemetry-semconv\1.25.0-alpha\opentelemetry-semconv-1.25.0-alpha.jar;C:\Users\admin\.m2\repository\io\opentelemetry\opentelemetry-api\1.44.1\opentelemetry-api-1.44.1.jar;C:\Users\admin\.m2\repository\io\opentelemetry\opentelemetry-context\1.44.1\opentelemetry-context-1.44.1.jar;C:\Users\admin\.m2\repository\io\opentelemetry\opentelemetry-exporter-logging\1.44.1\opentelemetry-exporter-logging-1.44.1.jar;C:\Users\admin\.m2\repository\io\opentelemetry\opentelemetry-sdk-common\1.44.1\opentelemetry-sdk-common-1.44.1.jar;C:\Users\admin\.m2\repository\io\opentelemetry\opentelemetry-sdk-extension-autoconfigure-spi\1.44.1\opentelemetry-sdk-extension-autoconfigure-spi-1.44.1.jar;C:\Users\admin\.m2\repository\io\opentelemetry\opentelemetry-sdk-extension-autoconfigure\1.44.1\opentelemetry-sdk-extension-autoconfigure-1.44.1.jar;C:\Users\admin\.m2\repository\io\opentelemetry\opentelemetry-api-incubator\1.44.1-alpha\opentelemetry-api-incubator-1.44.1-alpha.jar;C:\Users\admin\.m2\repository\io\opentelemetry\opentelemetry-sdk-trace\1.44.1\opentelemetry-sdk-trace-1.44.1.jar;C:\Users\admin\.m2\repository\io\opentelemetry\opentelemetry-sdk\1.44.1\opentelemetry-sdk-1.44.1.jar;C:\Users\admin\.m2\repository\io\opentelemetry\opentelemetry-sdk-metrics\1.44.1\opentelemetry-sdk-metrics-1.44.1.jar;C:\Users\admin\.m2\repository\io\opentelemetry\opentelemetry-sdk-logs\1.44.1\opentelemetry-sdk-logs-1.44.1.jar;C:\Users\admin\.m2\repository\net\bytebuddy\byte-buddy\1.15.10\byte-buddy-1.15.10.jar;C:\Users\admin\.m2\repository\org\seleniumhq\selenium\selenium-os\4.27.0\selenium-os-4.27.0.jar;C:\Users\admin\.m2\repository\org\apache\commons\commons-exec\1.4.0\commons-exec-1.4.0.jar;C:\Users\admin\.m2\repository\org\seleniumhq\selenium\selenium-safari-driver\4.27.0\selenium-safari-driver-4.27.0.jar;C:\Users\admin\.m2\repository\org\seleniumhq\selenium\selenium-support\4.27.0\selenium-support-4.27.0.jar;C:\Users\admin\.m2\repository\org\testng\testng\7.11.0\testng-7.11.0.jar;C:\Users\admin\.m2\repository\org\slf4j\slf4j-api\2.0.16\slf4j-api-2.0.16.jar;C:\Users\admin\.m2\repository\org\jcommander\jcommander\1.83\jcommander-1.83.jar;C:\Users\admin\.m2\repository\org\webjars\jquery\3.7.1\jquery-3.7.1.jar;C:\Users\admin\.m2\repository\org\apache\poi\poi\5.4.0\poi-5.4.0.jar;C:\Users\admin\.m2\repository\commons-codec\commons-codec\1.17.1\commons-codec-1.17.1.jar;C:\Users\admin\.m2\repository\org\apache\commons\commons-collections4\4.4\commons-collections4-4.4.jar;C:\Users\admin\.m2\repository\org\apache\commons\commons-math3\3.6.1\commons-math3-3.6.1.jar;C:\Users\admin\.m2\repository\com\zaxxer\SparseBitSet\1.3\SparseBitSet-1.3.jar;C:\Users\admin\.m2\repository\org\apache\poi\poi-ooxml\5.4.0\poi-ooxml-5.4.0.jar;C:\Users\admin\.m2\repository\org\apache\poi\poi-ooxml-lite\5.4.0\poi-ooxml-lite-5.4.0.jar;C:\Users\admin\.m2\repository\org\apache\xmlbeans\xmlbeans\5.3.0\xmlbeans-5.3.0.jar;C:\Users\admin\.m2\repository\org\apache\commons\commons-compress\1.27.1\commons-compress-1.27.1.jar;C:\Users\admin\.m2\repository\com\github\virtuald\curvesapi\1.08\curvesapi-1.08.jar;C:\Users\admin\.m2\repository\com\aventstack\extentreports\5.1.1\extentreports-5.1.1.jar;C:\Users\admin\.m2\repository\io\reactivex\rxjava3\rxjava\3.1.6\rxjava-3.1.6.jar;C:\Users\admin\.m2\repository\org\reactivestreams\reactive-streams\1.0.4\reactive-streams-1.0.4.jar;C:\Users\admin\.m2\repository\org\freemarker\freemarker\2.3.32\freemarker-2.3.32.jar;C:\Users\admin\.m2\repository\org\projectlombok\lombok\1.18.26\lombok-1.18.26.jar;C:\Users\admin\.m2\repository\com\google\code\gson\gson\2.10.1\gson-2.10.1.jar;C:\Users\admin\.m2\repository\org\apache\logging\log4j\log4j-core\2.24.3\log4j-core-2.24.3.jar;C:\Users\admin\.m2\repository\org\apache\logging\log4j\log4j-api\2.24.3\log4j-api-2.24.3.jar;C:\Users\admin\.m2\repository\org\apache\logging\log4j\log4j-slf4j-impl\2.24.3\log4j-slf4j-impl-2.24.3.jar;C:\Users\admin\.m2\repository\commons-io\commons-io\2.18.0\commons-io-2.18.0.jar;C:\Users\admin\.m2\repository\org\apache\commons\commons-lang3\3.16.0\commons-lang3-3.16.0.jar;C:\Users\admin\.m2\repository\org\apache\commons\commons-email\1.5\commons-email-1.5.jar;C:\Users\admin\.m2\repository\com\sun\mail\javax.mail\1.5.6\javax.mail-1.5.6.jar;C:\Users\admin\.m2\repository\javax\activation\activation\1.1\activation-1.1.jar
Launcher Type: SUN_STANDARD

[Global flags]
     intx CICompilerCount                          = 4                                         {product} {ergonomic}
     uint ConcGCThreads                            = 2                                         {product} {ergonomic}
     uint G1ConcRefinementThreads                  = 8                                         {product} {ergonomic}
   size_t G1HeapRegionSize                         = 2097152                                   {product} {ergonomic}
    uintx GCDrainStackTargetSize                   = 64                                        {product} {ergonomic}
   size_t InitialHeapSize                          = 268435456                                 {product} {ergonomic}
   size_t MarkStackSize                            = 4194304                                   {product} {ergonomic}
   size_t MaxHeapSize                              = 4263510016                                {product} {ergonomic}
   size_t MaxNewSize                               = 2556428288                                {product} {ergonomic}
   size_t MinHeapDeltaBytes                        = 2097152                                   {product} {ergonomic}
   size_t MinHeapSize                              = 8388608                                   {product} {ergonomic}
    uintx NonNMethodCodeHeapSize                   = 5839372                                {pd product} {ergonomic}
    uintx NonProfiledCodeHeapSize                  = 122909434                              {pd product} {ergonomic}
    uintx ProfiledCodeHeapSize                     = 122909434                              {pd product} {ergonomic}
    uintx ReservedCodeCacheSize                    = 251658240                              {pd product} {ergonomic}
     bool SegmentedCodeCache                       = true                                      {product} {ergonomic}
     bool ShowCodeDetailsInExceptionMessages       = true                                   {manageable} {command line}
   size_t SoftMaxHeapSize                          = 4263510016                             {manageable} {ergonomic}
     bool UseCompressedOops                        = true                           {product lp64_product} {ergonomic}
     bool UseG1GC                                  = true                                      {product} {ergonomic}
     bool UseLargePagesIndividualAllocation        = false                                  {pd product} {ergonomic}

Logging:
Log output configuration:
 #0: stdout all=warning uptime,level,tags foldmultilines=false
 #1: stderr all=off uptime,level,tags foldmultilines=false

Environment Variables:
JAVA_HOME=C:\Program Files\Java\jdk-17
PATH=C:/Users/admin/OneDrive/Documents/eclipse-jee-2025-03-R-win32-x86_64/eclipse//plugins/org.eclipse.justj.openjdk.hotspot.jre.full.win32.x86_64_21.0.6.v20250130-0529/jre/bin/server;C:/Users/admin/OneDrive/Documents/eclipse-jee-2025-03-R-win32-x86_64/eclipse//plugins/org.eclipse.justj.openjdk.hotspot.jre.full.win32.x86_64_21.0.6.v20250130-0529/jre/bin;C:\Program Files\Common Files\Oracle\Java\javapath;C:\Windows\system32;C:\Windows;C:\Windows\System32\Wbem;C:\Windows\System32\WindowsPowerShell\v1.0\;C:\Windows\System32\OpenSSH\;C:\Program Files\Java\jdk-17\bin;C:\Program Files\Git\cmd;C:\Program Files\nodejs\;%MAVEN_HOME%\bin;C:\Users\admin\AppData\Local\Android\Sdk\platform-tools;C:\Users\admin\AppData\Local\Android\Sdk\emulator\bin64;C:\Program Files\MySQL\MySQL Shell 8.0\bin\;C:\Users\admin\AppData\Local\Microsoft\WindowsApps;C:\Users\admin\AppData\Local\GitHubDesktop\bin;C:\Users\admin\AppData\Roaming\npm;C:\Users\admin\AppData\Local\Programs\Microsoft VS Code\bin;C:\mongoshell\;C:\Users\admin\OneDrive\Documents\eclipse-jee-2025-03-R-win32-x86_64\eclipse;
USERNAME=admin
OS=Windows_NT
PROCESSOR_IDENTIFIER=Intel64 Family 6 Model 142 Stepping 10, GenuineIntel
TMP=C:\Users\admin\AppData\Local\Temp
TEMP=C:\Users\admin\AppData\Local\Temp




Periodic native trim disabled

---------------  S Y S T E M  ---------------

OS:
 Windows 10 , 64 bit Build 19041 (10.0.19041.5794)
OS uptime: 7 days 18:51 hours

CPU: total 8 (initial active 8) (4 cores per cpu, 2 threads per core) family 6 model 142 stepping 10 microcode 0xf4, cx8, cmov, fxsr, ht, mmx, 3dnowpref, sse, sse2, sse3, ssse3, sse4.1, sse4.2, popcnt, lzcnt, tsc, tscinvbit, avx, avx2, aes, erms, clmul, bmi1, bmi2, rtm, adx, fma, vzeroupper, clflush, clflushopt, rdtscp, f16c
Processor Information for the first 8 processors :
  Max Mhz: 2112, Current Mhz: 1910, Mhz Limit: 1900

Memory: 4k page, system-wide physical 16259M (3099M free)
TotalPageFile size 21772M (AvailPageFile size 1M)
current process WorkingSet (physical memory assigned to process): 149M, peak: 150M
current process commit charge ("private bytes"): 408M, peak: 410M

vm_info: OpenJDK 64-Bit Server VM (21.0.6+7-LTS) for windows-amd64 JRE (21.0.6+7-LTS), built on 2025-01-21T00:00:00Z by "admin" with MS VC++ 17.7 (VS2022)

END.
